<?xml version="1.0" encoding="UTF-8"?>
<testng-results ignored="0" total="3" passed="2" failed="1" skipped="0">
  <reporter-output>
  </reporter-output>
  <suite started-at="2025-11-30T02:06:23 IST" name="Default suite" finished-at="2025-11-30T02:06:40 IST" duration-ms="16750">
    <groups>
    </groups>
    <test started-at="2025-11-30T02:06:23 IST" name="Default test" finished-at="2025-11-30T02:06:40 IST" duration-ms="16750">
      <class name="test.GooglSearchPageTestNG">
        <test-method is-config="true" signature="setUpTest()[pri:0, instance:test.GooglSearchPageTestNG@1ca3b418]" started-at="2025-11-30T02:06:26 IST" name="setUpTest" finished-at="2025-11-30T02:06:31 IST" duration-ms="4411" status="PASS">
          <reporter-output>
          </reporter-output>
        </test-method> <!-- setUpTest -->
        <test-method signature="googleSearchTest()[pri:0, instance:test.GooglSearchPageTestNG@1ca3b418]" started-at="2025-11-30T02:06:31 IST" name="googleSearchTest" finished-at="2025-11-30T02:06:34 IST" duration-ms="3316" status="PASS">
          <reporter-output>
          </reporter-output>
        </test-method> <!-- googleSearchTest -->
        <test-method is-config="true" signature="tearDownTest()[pri:0, instance:test.GooglSearchPageTestNG@1ca3b418]" started-at="2025-11-30T02:06:39 IST" name="tearDownTest" finished-at="2025-11-30T02:06:40 IST" duration-ms="974" status="PASS">
          <reporter-output>
          </reporter-output>
        </test-method> <!-- tearDownTest -->
      </class> <!-- test.GooglSearchPageTestNG -->
      <class name="test.ExtentReportWithTestNG">
        <test-method is-config="true" signature="setUp()[pri:0, instance:test.ExtentReportWithTestNG@53045c6c]" started-at="2025-11-30T02:06:22 IST" name="setUp" finished-at="2025-11-30T02:06:23 IST" duration-ms="375" status="PASS">
          <reporter-output>
          </reporter-output>
        </test-method> <!-- setUp -->
        <test-method is-config="true" signature="beforeTest()[pri:0, instance:test.ExtentReportWithTestNG@53045c6c]" started-at="2025-11-30T02:06:23 IST" name="beforeTest" finished-at="2025-11-30T02:06:26 IST" duration-ms="3406" status="PASS">
          <reporter-output>
          </reporter-output>
        </test-method> <!-- beforeTest -->
        <test-method signature="test1()[pri:0, instance:test.ExtentReportWithTestNG@53045c6c]" started-at="2025-11-30T02:06:34 IST" name="test1" finished-at="2025-11-30T02:06:36 IST" duration-ms="1530" status="FAIL">
          <exception class="java.lang.AssertionError">
            <message>
              <![CDATA[details]]>
            </message>
            <full-stacktrace>
              <![CDATA[java.lang.AssertionError: details
at org.testng.AssertJUnit.fail(AssertJUnit.java:65)
at test.ExtentReportWithTestNG.test1(ExtentReportWithTestNG.java:52)
at java.base/jdk.internal.reflect.NativeMethodAccessorImpl.invoke0(Native Method)
at java.base/jdk.internal.reflect.NativeMethodAccessorImpl.invoke(NativeMethodAccessorImpl.java:77)
at java.base/jdk.internal.reflect.DelegatingMethodAccessorImpl.invoke(DelegatingMethodAccessorImpl.java:43)
at java.base/java.lang.reflect.Method.invoke(Method.java:568)
at org.testng.internal.invokers.MethodInvocationHelper.invokeMethod(MethodInvocationHelper.java:141)
at org.testng.internal.invokers.TestInvoker.invokeMethod(TestInvoker.java:686)
at org.testng.internal.invokers.TestInvoker.invokeTestMethod(TestInvoker.java:230)
at org.testng.internal.invokers.MethodRunner.runInSequence(MethodRunner.java:63)
at org.testng.internal.invokers.TestInvoker$MethodInvocationAgent.invoke(TestInvoker.java:992)
at org.testng.internal.invokers.TestInvoker.invokeTestMethods(TestInvoker.java:203)
at org.testng.internal.invokers.TestMethodWorker.invokeTestMethods(TestMethodWorker.java:154)
at org.testng.internal.invokers.TestMethodWorker.run(TestMethodWorker.java:134)
at java.base/java.util.ArrayList.forEach(ArrayList.java:1511)
at org.testng.TestRunner.privateRun(TestRunner.java:739)
at org.testng.TestRunner.run(TestRunner.java:614)
at org.testng.SuiteRunner.runTest(SuiteRunner.java:421)
at org.testng.SuiteRunner.runSequentially(SuiteRunner.java:413)
at org.testng.SuiteRunner.privateRun(SuiteRunner.java:373)
at org.testng.SuiteRunner.run(SuiteRunner.java:312)
at org.testng.SuiteRunnerWorker.runSuite(SuiteRunnerWorker.java:52)
at org.testng.SuiteRunnerWorker.run(SuiteRunnerWorker.java:95)
at org.testng.TestNG.runSuitesSequentially(TestNG.java:1274)
at org.testng.TestNG.runSuitesLocally(TestNG.java:1208)
at org.testng.TestNG.runSuites(TestNG.java:1112)
at org.testng.TestNG.run(TestNG.java:1079)
at org.testng.remote.AbstractRemoteTestNG.run(AbstractRemoteTestNG.java:115)
at org.testng.remote.RemoteTestNG.initAndRun(RemoteTestNG.java:293)
at org.testng.remote.RemoteTestNG.main(RemoteTestNG.java:91)
]]>
            </full-stacktrace>
          </exception> <!-- java.lang.AssertionError -->
          <reporter-output>
          </reporter-output>
        </test-method> <!-- test1 -->
        <test-method signature="test2()[pri:0, instance:test.ExtentReportWithTestNG@53045c6c]" started-at="2025-11-30T02:06:36 IST" name="test2" finished-at="2025-11-30T02:06:36 IST" duration-ms="8" status="PASS">
          <reporter-output>
          </reporter-output>
        </test-method> <!-- test2 -->
        <test-method is-config="true" signature="tearDownTest()[pri:0, instance:test.ExtentReportWithTestNG@53045c6c]" started-at="2025-11-30T02:06:36 IST" name="tearDownTest" finished-at="2025-11-30T02:06:39 IST" duration-ms="3015" status="PASS">
          <reporter-output>
          </reporter-output>
        </test-method> <!-- tearDownTest -->
        <test-method is-config="true" signature="tearDown()[pri:0, instance:test.ExtentReportWithTestNG@53045c6c]" started-at="2025-11-30T02:06:40 IST" name="tearDown" finished-at="2025-11-30T02:06:40 IST" duration-ms="265" status="PASS">
          <reporter-output>
          </reporter-output>
        </test-method> <!-- tearDown -->
      </class> <!-- test.ExtentReportWithTestNG -->
    </test> <!-- Default test -->
  </suite> <!-- Default suite -->
</testng-results>
