<?xml version="1.0" encoding="UTF-8"?>
<testng-results ignored="0" total="2" passed="2" failed="0" skipped="0">
  <reporter-output>
  </reporter-output>
  <suite started-at="2025-07-16T01:40:42 IST" name="Default suite" finished-at="2025-07-16T01:40:50 IST" duration-ms="8389">
    <groups>
    </groups>
    <test started-at="2025-07-16T01:40:42 IST" name="Default test" finished-at="2025-07-16T01:40:50 IST" duration-ms="8389">
      <class name="test.ExtentReportWithTestNG">
        <test-method is-config="true" signature="setUp()[pri:0, instance:test.ExtentReportWithTestNG@74ea2410]" started-at="2025-07-16T01:40:41 IST" name="setUp" finished-at="2025-07-16T01:40:42 IST" duration-ms="758" status="PASS">
          <reporter-output>
          </reporter-output>
        </test-method> <!-- setUp -->
        <test-method is-config="true" signature="beforeTest()[pri:0, instance:test.ExtentReportWithTestNG@74ea2410]" started-at="2025-07-16T01:40:42 IST" name="beforeTest" finished-at="2025-07-16T01:40:47 IST" duration-ms="4854" status="PASS">
          <reporter-output>
          </reporter-output>
        </test-method> <!-- beforeTest -->
        <test-method signature="test1()[pri:0, instance:test.ExtentReportWithTestNG@74ea2410]" started-at="2025-07-16T01:40:47 IST" name="test1" finished-at="2025-07-16T01:40:48 IST" duration-ms="1679" status="PASS">
          <reporter-output>
          </reporter-output>
        </test-method> <!-- test1 -->
        <test-method signature="test2()[pri:0, instance:test.ExtentReportWithTestNG@74ea2410]" started-at="2025-07-16T01:40:48 IST" name="test2" finished-at="2025-07-16T01:40:48 IST" duration-ms="2" status="PASS">
          <reporter-output>
          </reporter-output>
        </test-method> <!-- test2 -->
        <test-method is-config="true" signature="tearDownTest()[pri:0, instance:test.ExtentReportWithTestNG@74ea2410]" started-at="2025-07-16T01:40:48 IST" name="tearDownTest" finished-at="2025-07-16T01:40:50 IST" duration-ms="1755" status="PASS">
          <reporter-output>
          </reporter-output>
        </test-method> <!-- tearDownTest -->
        <test-method is-config="true" signature="tearDown()[pri:0, instance:test.ExtentReportWithTestNG@74ea2410]" started-at="2025-07-16T01:40:50 IST" name="tearDown" finished-at="2025-07-16T01:40:51 IST" duration-ms="453" status="PASS">
          <reporter-output>
          </reporter-output>
        </test-method> <!-- tearDown -->
      </class> <!-- test.ExtentReportWithTestNG -->
    </test> <!-- Default test -->
  </suite> <!-- Default suite -->
</testng-results>
